[4.451s] DEBUG:colcon:Command line arguments: ['/usr/bin/colcon', 'build']
[4.451s] DEBUG:colcon:Parsed command line arguments: Namespace(allow_overriding=[], ament_cmake_args=None, base_paths=['.'], build_base='build', catkin_cmake_args=None, catkin_skip_building_tests=False, cmake_args=None, cmake_clean_cache=False, cmake_clean_first=False, cmake_force_configure=False, cmake_target=None, cmake_target_skip_unavailable=False, continue_on_error=False, event_handlers=None, executor='parallel', ignore_user_meta=False, install_base='install', log_base=None, log_level=None, main=<bound method BuildVerb.main of <colcon_core.verb.build.BuildVerb object at 0x7f99c1c1bdf0>>, merge_install=False, metas=['./colcon.meta'], mixin=None, mixin_files=None, mixin_verb=('build',), packages_above=None, packages_above_and_dependencies=None, packages_above_depth=None, packages_end=None, packages_ignore=None, packages_ignore_regex=None, packages_select=None, packages_select_build_failed=False, packages_select_by_dep=None, packages_select_regex=None, packages_select_test_failures=False, packages_skip=None, packages_skip_build_finished=False, packages_skip_by_dep=None, packages_skip_regex=None, packages_skip_test_passed=False, packages_skip_up_to=None, packages_start=None, packages_up_to=None, packages_up_to_regex=None, parallel_workers=2, paths=None, symlink_install=False, test_result_base=None, verb_extension=<colcon_core.verb.build.BuildVerb object at 0x7f99c1c1bdf0>, verb_name='build', verb_parser=<colcon_mixin.mixin.mixin_argument.MixinArgumentDecorator object at 0x7f99c1bec400>)
[4.599s] Level 1:colcon.colcon_core.package_discovery:discover_packages(colcon_meta) check parameters
[4.599s] Level 1:colcon.colcon_core.package_discovery:discover_packages(recursive) check parameters
[4.599s] Level 1:colcon.colcon_core.package_discovery:discover_packages(ignore) check parameters
[4.599s] Level 1:colcon.colcon_core.package_discovery:discover_packages(path) check parameters
[4.600s] Level 1:colcon.colcon_core.package_discovery:discover_packages(colcon_meta) discover
[4.600s] Level 1:colcon.colcon_core.package_discovery:discover_packages(recursive) discover
[4.600s] INFO:colcon.colcon_core.package_discovery:Crawling recursively for packages in '/home/ros2zjr/ws_TASK/src/cv_ros2'
[4.600s] Level 1:colcon.colcon_core.package_identification:_identify(.) by extensions ['ignore', 'ignore_ament_install']
[4.600s] Level 1:colcon.colcon_core.package_identification:_identify(.) by extension 'ignore'
[4.600s] Level 1:colcon.colcon_core.package_identification:_identify(.) by extension 'ignore_ament_install'
[4.600s] Level 1:colcon.colcon_core.package_identification:_identify(.) by extensions ['colcon_pkg']
[4.600s] Level 1:colcon.colcon_core.package_identification:_identify(.) by extension 'colcon_pkg'
[4.600s] Level 1:colcon.colcon_core.package_identification:_identify(.) by extensions ['colcon_meta']
[4.600s] Level 1:colcon.colcon_core.package_identification:_identify(.) by extension 'colcon_meta'
[4.600s] Level 1:colcon.colcon_core.package_identification:_identify(.) by extensions ['ros']
[4.600s] Level 1:colcon.colcon_core.package_identification:_identify(.) by extension 'ros'
[4.621s] DEBUG:colcon.colcon_core.package_identification:Package '.' with type 'ros.ament_python' and name 'cv_ros2'
[4.621s] Level 1:colcon.colcon_core.package_discovery:discover_packages(recursive) using defaults
[4.621s] Level 1:colcon.colcon_core.package_discovery:discover_packages(ignore) discover
[4.621s] Level 1:colcon.colcon_core.package_discovery:discover_packages(ignore) using defaults
[4.621s] Level 1:colcon.colcon_core.package_discovery:discover_packages(path) discover
[4.621s] Level 1:colcon.colcon_core.package_discovery:discover_packages(path) using defaults
[4.938s] Level 1:colcon.colcon_core.package_discovery:discover_packages(prefix_path) check parameters
[4.938s] Level 1:colcon.colcon_core.package_discovery:discover_packages(prefix_path) discover
[5.056s] DEBUG:colcon.colcon_installed_package_information.package_discovery:Found 290 installed packages in /opt/ros/foxy
[5.181s] DEBUG:colcon.colcon_installed_package_information.package_discovery:Found 3 installed packages in /opt/ros/noetic
[5.182s] Level 1:colcon.colcon_core.package_discovery:discover_packages(prefix_path) using defaults
[5.437s] Level 5:colcon.colcon_core.verb:set package 'cv_ros2' build argument 'cmake_args' from command line to 'None'
[5.437s] Level 5:colcon.colcon_core.verb:set package 'cv_ros2' build argument 'cmake_target' from command line to 'None'
[5.437s] Level 5:colcon.colcon_core.verb:set package 'cv_ros2' build argument 'cmake_target_skip_unavailable' from command line to 'False'
[5.437s] Level 5:colcon.colcon_core.verb:set package 'cv_ros2' build argument 'cmake_clean_cache' from command line to 'False'
[5.437s] Level 5:colcon.colcon_core.verb:set package 'cv_ros2' build argument 'cmake_clean_first' from command line to 'False'
[5.438s] Level 5:colcon.colcon_core.verb:set package 'cv_ros2' build argument 'cmake_force_configure' from command line to 'False'
[5.438s] Level 5:colcon.colcon_core.verb:set package 'cv_ros2' build argument 'ament_cmake_args' from command line to 'None'
[5.438s] Level 5:colcon.colcon_core.verb:set package 'cv_ros2' build argument 'catkin_cmake_args' from command line to 'None'
[5.438s] Level 5:colcon.colcon_core.verb:set package 'cv_ros2' build argument 'catkin_skip_building_tests' from command line to 'False'
[5.438s] DEBUG:colcon.colcon_core.verb:Building package 'cv_ros2' with the following arguments: {'ament_cmake_args': None, 'build_base': '/home/ros2zjr/ws_TASK/src/cv_ros2/build/cv_ros2', 'catkin_cmake_args': None, 'catkin_skip_building_tests': False, 'cmake_args': None, 'cmake_clean_cache': False, 'cmake_clean_first': False, 'cmake_force_configure': False, 'cmake_target': None, 'cmake_target_skip_unavailable': False, 'install_base': '/home/ros2zjr/ws_TASK/src/cv_ros2/install/cv_ros2', 'merge_install': False, 'path': '/home/ros2zjr/ws_TASK/src/cv_ros2', 'symlink_install': False, 'test_result_base': None}
[5.493s] INFO:colcon.colcon_core.executor:Executing jobs using 'parallel' executor
[5.551s] DEBUG:colcon.colcon_parallel_executor.executor.parallel:run_until_complete
[5.552s] INFO:colcon.colcon_ros.task.ament_python.build:Building ROS package in '/home/ros2zjr/ws_TASK/src/cv_ros2' with build type 'ament_python'
[5.552s] Level 1:colcon.colcon_core.shell:create_environment_hook('cv_ros2', 'ament_prefix_path')
[5.622s] INFO:colcon.colcon_core.plugin_system:Skipping extension 'colcon_core.shell.bat': Not used on non-Windows systems
[5.622s] INFO:colcon.colcon_core.shell:Creating environment hook '/home/ros2zjr/ws_TASK/src/cv_ros2/install/cv_ros2/share/cv_ros2/hook/ament_prefix_path.ps1'
[5.623s] INFO:colcon.colcon_core.shell:Creating environment descriptor '/home/ros2zjr/ws_TASK/src/cv_ros2/install/cv_ros2/share/cv_ros2/hook/ament_prefix_path.dsv'
[5.623s] INFO:colcon.colcon_core.shell:Creating environment hook '/home/ros2zjr/ws_TASK/src/cv_ros2/install/cv_ros2/share/cv_ros2/hook/ament_prefix_path.sh'
[5.694s] INFO:colcon.colcon_core.shell:Skip shell extension 'powershell' for command environment: Not usable outside of PowerShell
[5.694s] DEBUG:colcon.colcon_core.shell:Skip shell extension 'dsv' for command environment
[5.897s] DEBUG:colcon.colcon_core.shell:Ignoring prefix path '/home/ros2zjr/ws_moveit1/devel'
[6.345s] INFO:colcon.colcon_core.task.python.build:Building Python package in '/home/ros2zjr/ws_TASK/src/cv_ros2'
[6.421s] INFO:colcon.colcon_core.shell:Skip shell extension 'powershell' for command environment: Not usable outside of PowerShell
[6.421s] DEBUG:colcon.colcon_core.shell:Skip shell extension 'dsv' for command environment
[6.634s] DEBUG:colcon.colcon_core.shell:Ignoring prefix path '/home/ros2zjr/ws_moveit1/devel'
[7.420s] DEBUG:colcon.colcon_core.event_handler.log_command:Invoking command in '/home/ros2zjr/ws_TASK/src/cv_ros2': CONDA_PROMPT_MODIFIER=(base) PYTHONPATH=/home/ros2zjr/ws_TASK/src/cv_ros2/build/cv_ros2/prefix_override:/home/ros2zjr/ws_TASK/src/cv_ros2/install/cv_ros2/lib/python3.8/site-packages:${PYTHONPATH} /usr/bin/python3 setup.py egg_info --egg-base build/cv_ros2 build --build-base /home/ros2zjr/ws_TASK/src/cv_ros2/build/cv_ros2/build install --record /home/ros2zjr/ws_TASK/src/cv_ros2/build/cv_ros2/install.log --install-scripts $base/lib/cv_ros2 --single-version-externally-managed
[7.892s] DEBUG:colcon.colcon_core.event_handler.log_command:Invoked command in '/home/ros2zjr/ws_TASK/src/cv_ros2' returned '0': CONDA_PROMPT_MODIFIER=(base) PYTHONPATH=/home/ros2zjr/ws_TASK/src/cv_ros2/build/cv_ros2/prefix_override:/home/ros2zjr/ws_TASK/src/cv_ros2/install/cv_ros2/lib/python3.8/site-packages:${PYTHONPATH} /usr/bin/python3 setup.py egg_info --egg-base build/cv_ros2 build --build-base /home/ros2zjr/ws_TASK/src/cv_ros2/build/cv_ros2/build install --record /home/ros2zjr/ws_TASK/src/cv_ros2/build/cv_ros2/install.log --install-scripts $base/lib/cv_ros2 --single-version-externally-managed
[7.977s] Level 1:colcon.colcon_core.environment:checking '/home/ros2zjr/ws_TASK/src/cv_ros2/install/cv_ros2' for CMake module files
[7.978s] Level 1:colcon.colcon_core.environment:checking '/home/ros2zjr/ws_TASK/src/cv_ros2/install/cv_ros2' for CMake config files
[7.980s] Level 1:colcon.colcon_core.environment:checking '/home/ros2zjr/ws_TASK/src/cv_ros2/install/cv_ros2/lib'
[7.980s] Level 1:colcon.colcon_core.environment:checking '/home/ros2zjr/ws_TASK/src/cv_ros2/install/cv_ros2/bin'
[7.980s] Level 1:colcon.colcon_core.environment:checking '/home/ros2zjr/ws_TASK/src/cv_ros2/install/cv_ros2/lib/pkgconfig/cv_ros2.pc'
[7.981s] Level 1:colcon.colcon_core.environment:checking '/home/ros2zjr/ws_TASK/src/cv_ros2/install/cv_ros2/lib/python3.8/site-packages'
[7.981s] Level 1:colcon.colcon_core.shell:create_environment_hook('cv_ros2', 'pythonpath')
[8.078s] INFO:colcon.colcon_core.shell:Creating environment hook '/home/ros2zjr/ws_TASK/src/cv_ros2/install/cv_ros2/share/cv_ros2/hook/pythonpath.ps1'
[8.078s] INFO:colcon.colcon_core.shell:Creating environment descriptor '/home/ros2zjr/ws_TASK/src/cv_ros2/install/cv_ros2/share/cv_ros2/hook/pythonpath.dsv'
[8.079s] INFO:colcon.colcon_core.shell:Creating environment hook '/home/ros2zjr/ws_TASK/src/cv_ros2/install/cv_ros2/share/cv_ros2/hook/pythonpath.sh'
[8.079s] Level 1:colcon.colcon_core.environment:checking '/home/ros2zjr/ws_TASK/src/cv_ros2/install/cv_ros2/bin'
[8.079s] Level 1:colcon.colcon_core.environment:create_environment_scripts_only(cv_ros2)
[8.138s] INFO:colcon.colcon_core.shell:Creating package script '/home/ros2zjr/ws_TASK/src/cv_ros2/install/cv_ros2/share/cv_ros2/package.ps1'
[8.139s] INFO:colcon.colcon_core.shell:Creating package descriptor '/home/ros2zjr/ws_TASK/src/cv_ros2/install/cv_ros2/share/cv_ros2/package.dsv'
[8.140s] INFO:colcon.colcon_core.shell:Creating package script '/home/ros2zjr/ws_TASK/src/cv_ros2/install/cv_ros2/share/cv_ros2/package.sh'
[8.141s] INFO:colcon.colcon_core.shell:Creating package script '/home/ros2zjr/ws_TASK/src/cv_ros2/install/cv_ros2/share/cv_ros2/package.bash'
[8.141s] INFO:colcon.colcon_core.shell:Creating package script '/home/ros2zjr/ws_TASK/src/cv_ros2/install/cv_ros2/share/cv_ros2/package.zsh'
[8.142s] Level 1:colcon.colcon_core.environment:create_file_with_runtime_dependencies(/home/ros2zjr/ws_TASK/src/cv_ros2/install/cv_ros2/share/colcon-core/packages/cv_ros2)
[8.143s] DEBUG:colcon.colcon_parallel_executor.executor.parallel:closing loop
[8.144s] DEBUG:colcon.colcon_parallel_executor.executor.parallel:loop closed
[8.144s] DEBUG:colcon.colcon_parallel_executor.executor.parallel:run_until_complete finished with '0'
[8.144s] DEBUG:colcon.colcon_core.event_reactor:joining thread
[8.219s] INFO:colcon.colcon_core.plugin_system:Skipping extension 'colcon_notification.desktop_notification.terminal_notifier': Not used on non-Darwin systems
[8.220s] INFO:colcon.colcon_core.plugin_system:Skipping extension 'colcon_notification.desktop_notification.win32': Not used on non-Windows systems
[8.220s] INFO:colcon.colcon_notification.desktop_notification:Sending desktop notification using 'notify2'
[8.241s] DEBUG:colcon.colcon_core.event_reactor:joined thread
[8.302s] INFO:colcon.colcon_core.shell:Creating prefix script '/home/ros2zjr/ws_TASK/src/cv_ros2/install/local_setup.ps1'
[8.303s] INFO:colcon.colcon_core.shell:Creating prefix util module '/home/ros2zjr/ws_TASK/src/cv_ros2/install/_local_setup_util_ps1.py'
[8.305s] INFO:colcon.colcon_core.shell:Creating prefix chain script '/home/ros2zjr/ws_TASK/src/cv_ros2/install/setup.ps1'
[8.358s] INFO:colcon.colcon_core.shell:Creating prefix script '/home/ros2zjr/ws_TASK/src/cv_ros2/install/local_setup.sh'
[8.359s] INFO:colcon.colcon_core.shell:Creating prefix util module '/home/ros2zjr/ws_TASK/src/cv_ros2/install/_local_setup_util_sh.py'
[8.360s] INFO:colcon.colcon_core.shell:Creating prefix chain script '/home/ros2zjr/ws_TASK/src/cv_ros2/install/setup.sh'
[8.411s] INFO:colcon.colcon_core.shell:Creating prefix script '/home/ros2zjr/ws_TASK/src/cv_ros2/install/local_setup.bash'
[8.412s] INFO:colcon.colcon_core.shell:Creating prefix chain script '/home/ros2zjr/ws_TASK/src/cv_ros2/install/setup.bash'
[8.467s] INFO:colcon.colcon_core.shell:Creating prefix script '/home/ros2zjr/ws_TASK/src/cv_ros2/install/local_setup.zsh'
[8.468s] INFO:colcon.colcon_core.shell:Creating prefix chain script '/home/ros2zjr/ws_TASK/src/cv_ros2/install/setup.zsh'
